<?xml version="1.0" ?>
<coverage version="7.10.6" timestamp="1757390109764" lines-valid="309" lines-covered="275" line-rate="0.89" branches-covered="0" branches-valid="0" branch-rate="0" complexity="0">
	<!-- Generated by coverage.py: https://coverage.readthedocs.io/en/7.10.6 -->
	<!-- Based on https://raw.githubusercontent.com/cobertura/web/master/htdocs/xml/coverage-04.dtd -->
	<sources>
		<source>/Users/alex/Projects/pandas2hdf</source>
	</sources>
	<packages>
		<package name="src.pandas2hdf" line-rate="0.89" branch-rate="0" complexity="0">
			<classes>
				<class name="__init__.py" filename="src/pandas2hdf/__init__.py" complexity="0" line-rate="1" branch-rate="0">
					<methods/>
					<lines>
						<line number="3" hits="1"/>
						<line number="17" hits="1"/>
						<line number="19" hits="1"/>
					</lines>
				</class>
				<class name="core.py" filename="src/pandas2hdf/core.py" complexity="0" line-rate="0.8889" branch-rate="0">
					<methods/>
					<lines>
						<line number="3" hits="1"/>
						<line number="4" hits="1"/>
						<line number="5" hits="1"/>
						<line number="7" hits="1"/>
						<line number="8" hits="1"/>
						<line number="9" hits="1"/>
						<line number="12" hits="1"/>
						<line number="16" hits="1"/>
						<line number="20" hits="1"/>
						<line number="24" hits="1"/>
						<line number="28" hits="1"/>
						<line number="37" hits="1"/>
						<line number="38" hits="1"/>
						<line number="43" hits="1"/>
						<line number="45" hits="1"/>
						<line number="48" hits="1"/>
						<line number="65" hits="1"/>
						<line number="67" hits="1"/>
						<line number="71" hits="1"/>
						<line number="72" hits="1"/>
						<line number="73" hits="1"/>
						<line number="74" hits="1"/>
						<line number="76" hits="1"/>
						<line number="77" hits="1"/>
						<line number="82" hits="1"/>
						<line number="83" hits="1"/>
						<line number="84" hits="1"/>
						<line number="87" hits="1"/>
						<line number="88" hits="1"/>
						<line number="90" hits="1"/>
						<line number="91" hits="1"/>
						<line number="92" hits="1"/>
						<line number="93" hits="1"/>
						<line number="94" hits="0"/>
						<line number="96" hits="0"/>
						<line number="97" hits="0"/>
						<line number="99" hits="0"/>
						<line number="100" hits="0"/>
						<line number="101" hits="0"/>
						<line number="102" hits="0"/>
						<line number="104" hits="0"/>
						<line number="107" hits="1"/>
						<line number="108" hits="1"/>
						<line number="111" hits="1"/>
						<line number="114" hits="1"/>
						<line number="134" hits="1"/>
						<line number="138" hits="1"/>
						<line number="140" hits="1"/>
						<line number="141" hits="1"/>
						<line number="143" hits="1"/>
						<line number="144" hits="1"/>
						<line number="145" hits="1"/>
						<line number="146" hits="1"/>
						<line number="148" hits="1"/>
						<line number="149" hits="1"/>
						<line number="150" hits="1"/>
						<line number="151" hits="1"/>
						<line number="153" hits="1"/>
						<line number="162" hits="1"/>
						<line number="163" hits="1"/>
						<line number="164" hits="1"/>
						<line number="166" hits="1"/>
						<line number="167" hits="1"/>
						<line number="168" hits="1"/>
						<line number="169" hits="1"/>
						<line number="171" hits="1"/>
						<line number="179" hits="1"/>
						<line number="182" hits="1"/>
						<line number="197" hits="1"/>
						<line number="198" hits="1"/>
						<line number="199" hits="0"/>
						<line number="200" hits="1"/>
						<line number="202" hits="1"/>
						<line number="203" hits="1"/>
						<line number="204" hits="1"/>
						<line number="205" hits="1"/>
						<line number="206" hits="1"/>
						<line number="208" hits="1"/>
						<line number="209" hits="1"/>
						<line number="213" hits="1"/>
						<line number="214" hits="1"/>
						<line number="216" hits="0"/>
						<line number="218" hits="1"/>
						<line number="221" hits="1"/>
						<line number="236" hits="1"/>
						<line number="237" hits="1"/>
						<line number="238" hits="1"/>
						<line number="239" hits="1"/>
						<line number="240" hits="0"/>
						<line number="241" hits="1"/>
						<line number="243" hits="1"/>
						<line number="244" hits="1"/>
						<line number="245" hits="1"/>
						<line number="246" hits="1"/>
						<line number="247" hits="1"/>
						<line number="252" hits="1"/>
						<line number="253" hits="1"/>
						<line number="257" hits="1"/>
						<line number="258" hits="1"/>
						<line number="260" hits="1"/>
						<line number="262" hits="1"/>
						<line number="263" hits="1"/>
						<line number="266" hits="1"/>
						<line number="267" hits="1"/>
						<line number="271" hits="1"/>
						<line number="273" hits="1"/>
						<line number="276" hits="1"/>
						<line number="286" hits="1"/>
						<line number="296" hits="1"/>
						<line number="326" hits="1"/>
						<line number="327" hits="1"/>
						<line number="330" hits="1"/>
						<line number="333" hits="1"/>
						<line number="338" hits="1"/>
						<line number="339" hits="1"/>
						<line number="343" hits="1"/>
						<line number="353" hits="1"/>
						<line number="362" hits="1"/>
						<line number="365" hits="1"/>
						<line number="367" hits="1"/>
						<line number="368" hits="1"/>
						<line number="370" hits="1"/>
						<line number="371" hits="1"/>
						<line number="380" hits="1"/>
						<line number="389" hits="1"/>
						<line number="392" hits="1"/>
						<line number="393" hits="1"/>
						<line number="402" hits="1"/>
						<line number="411" hits="1"/>
						<line number="414" hits="1"/>
						<line number="415" hits="1"/>
						<line number="416" hits="1"/>
						<line number="417" hits="1"/>
						<line number="418" hits="1"/>
						<line number="419" hits="1"/>
						<line number="420" hits="1"/>
						<line number="421" hits="1"/>
						<line number="424" hits="1"/>
						<line number="425" hits="1"/>
						<line number="426" hits="1"/>
						<line number="428" hits="1"/>
						<line number="430" hits="1"/>
						<line number="431" hits="1"/>
						<line number="434" hits="1"/>
						<line number="464" hits="1"/>
						<line number="465" hits="1"/>
						<line number="467" hits="1"/>
						<line number="468" hits="1"/>
						<line number="471" hits="1"/>
						<line number="473" hits="1"/>
						<line number="481" hits="1"/>
						<line number="484" hits="1"/>
						<line number="496" hits="1"/>
						<line number="506" hits="1"/>
						<line number="532" hits="1"/>
						<line number="533" hits="1"/>
						<line number="535" hits="1"/>
						<line number="536" hits="0"/>
						<line number="538" hits="1"/>
						<line number="539" hits="1"/>
						<line number="542" hits="1"/>
						<line number="543" hits="1"/>
						<line number="548" hits="1"/>
						<line number="549" hits="1"/>
						<line number="552" hits="1"/>
						<line number="553" hits="1"/>
						<line number="554" hits="0"/>
						<line number="555" hits="1"/>
						<line number="556" hits="1"/>
						<line number="560" hits="1"/>
						<line number="561" hits="1"/>
						<line number="562" hits="1"/>
						<line number="563" hits="0"/>
						<line number="568" hits="1"/>
						<line number="569" hits="1"/>
						<line number="570" hits="0"/>
						<line number="571" hits="0"/>
						<line number="572" hits="0"/>
						<line number="575" hits="1"/>
						<line number="576" hits="1"/>
						<line number="577" hits="1"/>
						<line number="580" hits="1"/>
						<line number="581" hits="1"/>
						<line number="582" hits="1"/>
						<line number="585" hits="1"/>
						<line number="586" hits="1"/>
						<line number="587" hits="0"/>
						<line number="588" hits="0"/>
						<line number="589" hits="1"/>
						<line number="590" hits="1"/>
						<line number="592" hits="1"/>
						<line number="593" hits="1"/>
						<line number="594" hits="1"/>
						<line number="595" hits="0"/>
						<line number="596" hits="0"/>
						<line number="597" hits="1"/>
						<line number="598" hits="1"/>
						<line number="601" hits="1"/>
						<line number="603" hits="1"/>
						<line number="604" hits="1"/>
						<line number="607" hits="1"/>
						<line number="631" hits="1"/>
						<line number="632" hits="1"/>
						<line number="634" hits="1"/>
						<line number="635" hits="1"/>
						<line number="645" hits="1"/>
						<line number="670" hits="1"/>
						<line number="671" hits="1"/>
						<line number="673" hits="1"/>
						<line number="674" hits="1"/>
						<line number="676" hits="1"/>
						<line number="677" hits="1"/>
						<line number="678" hits="0"/>
						<line number="679" hits="1"/>
						<line number="680" hits="1"/>
						<line number="683" hits="1"/>
						<line number="684" hits="1"/>
						<line number="687" hits="1"/>
						<line number="688" hits="1"/>
						<line number="689" hits="0"/>
						<line number="690" hits="1"/>
						<line number="692" hits="1"/>
						<line number="698" hits="1"/>
						<line number="723" hits="1"/>
						<line number="724" hits="1"/>
						<line number="726" hits="1"/>
						<line number="727" hits="1"/>
						<line number="730" hits="1"/>
						<line number="731" hits="1"/>
						<line number="734" hits="1"/>
						<line number="736" hits="1"/>
						<line number="737" hits="1"/>
						<line number="749" hits="1"/>
						<line number="750" hits="1"/>
						<line number="751" hits="1"/>
						<line number="753" hits="1"/>
						<line number="755" hits="1"/>
						<line number="756" hits="1"/>
						<line number="764" hits="0"/>
						<line number="765" hits="0"/>
						<line number="769" hits="1"/>
						<line number="780" hits="1"/>
						<line number="781" hits="1"/>
						<line number="784" hits="1"/>
						<line number="807" hits="1"/>
						<line number="808" hits="1"/>
						<line number="810" hits="1"/>
						<line number="811" hits="1"/>
						<line number="814" hits="1"/>
						<line number="815" hits="1"/>
						<line number="816" hits="1"/>
						<line number="819" hits="1"/>
						<line number="829" hits="1"/>
						<line number="832" hits="1"/>
						<line number="851" hits="1"/>
						<line number="852" hits="1"/>
						<line number="854" hits="1"/>
						<line number="855" hits="0"/>
						<line number="857" hits="1"/>
						<line number="858" hits="1"/>
						<line number="861" hits="1"/>
						<line number="862" hits="0"/>
						<line number="867" hits="1"/>
						<line number="868" hits="1"/>
						<line number="869" hits="0"/>
						<line number="870" hits="1"/>
						<line number="871" hits="1"/>
						<line number="872" hits="1"/>
						<line number="879" hits="1"/>
						<line number="882" hits="1"/>
						<line number="892" hits="1"/>
						<line number="893" hits="1"/>
						<line number="894" hits="1"/>
						<line number="895" hits="1"/>
						<line number="896" hits="1"/>
						<line number="906" hits="1"/>
						<line number="908" hits="1"/>
						<line number="909" hits="1"/>
						<line number="912" hits="1"/>
						<line number="929" hits="1"/>
						<line number="930" hits="1"/>
						<line number="932" hits="1"/>
						<line number="933" hits="1"/>
						<line number="936" hits="1"/>
						<line number="954" hits="1"/>
						<line number="955" hits="1"/>
						<line number="957" hits="1"/>
						<line number="958" hits="1"/>
						<line number="960" hits="0"/>
						<line number="961" hits="0"/>
						<line number="962" hits="0"/>
						<line number="963" hits="0"/>
						<line number="964" hits="0"/>
						<line number="967" hits="1"/>
						<line number="970" hits="1"/>
						<line number="971" hits="1"/>
						<line number="972" hits="0"/>
						<line number="973" hits="1"/>
						<line number="974" hits="1"/>
						<line number="976" hits="1"/>
						<line number="977" hits="1"/>
						<line number="978" hits="1"/>
						<line number="984" hits="1"/>
						<line number="987" hits="1"/>
						<line number="988" hits="1"/>
						<line number="989" hits="1"/>
					</lines>
				</class>
			</classes>
		</package>
	</packages>
</coverage>
